<?xml version="1.0" encoding="utf-8"?><testsuites name="pytest tests"><testsuite name="pytest" errors="0" failures="0" skipped="0" tests="1" time="0.035" timestamp="2025-08-12T11:59:19.306307+00:00" hostname="pkrvmsl9tci6h6u"><testcase classname="tests.visual.test_visual_regression" name="test_visual_framework_functionality" time="0.001" /></testsuite></testsuites>