<?xml version="1.0" encoding="utf-8"?><testsuites name="pytest tests"><testsuite name="pytest" errors="0" failures="0" skipped="4" tests="5" time="5.657" timestamp="2025-08-12T14:46:00.843674+00:00" hostname="pkrvmsl9tci6h6u"><testcase classname="tests_unified.performance.test_performance_verification" name="test_webcam_frame_rate_performance" time="0.000"><skipped type="pytest.skip" message="Native Webcam backend not available">/home/runner/work/bucika_gsr/bucika_gsr/tests_unified/performance/test_performance_verification.py:576: Native Webcam backend not available</skipped></testcase><testcase classname="tests_unified.performance.test_performance_verification" name="test_generate_performance_report" time="5.575" /><testcase classname="tests_unified.performance.test_performance_verification" name="test_native_performance_gains" time="0.000"><skipped type="pytest.skip" message="Native Shimmer backend not available">/home/runner/work/bucika_gsr/bucika_gsr/tests_unified/performance/test_performance_verification.py:603: Native Shimmer backend not available</skipped></testcase><testcase classname="tests_unified.performance.test_performance_verification" name="test_shimmer_sampling_rate_performance" time="0.000"><skipped type="pytest.skip" message="Native Shimmer backend not available">/home/runner/work/bucika_gsr/bucika_gsr/tests_unified/performance/test_performance_verification.py:559: Native Shimmer backend not available</skipped></testcase><testcase classname="tests_unified.performance.test_performance_verification" name="test_synchronization_precision" time="0.000"><skipped type="pytest.skip" message="Native backends not available for synchronization testing">/home/runner/work/bucika_gsr/bucika_gsr/tests_unified/performance/test_performance_verification.py:589: Native backends not available for synchronization testing</skipped></testcase></testsuite></testsuites>