<?xml version="1.0" encoding="utf-8"?><testsuites name="pytest tests"><testsuite name="pytest" errors="0" failures="0" skipped="8" tests="8" time="0.064" timestamp="2025-08-13T17:01:22.485742+00:00" hostname="pkrvmsl9tci6h6u"><testcase classname="tests_unified.fixtures.test_gui_mock.TestGUIFunctionality" name="test_session_management_interface" time="0.000"><skipped type="pytest.skip" message="Tests are temporarily disabled">/home/runner/work/bucika_gsr/bucika_gsr/tests_unified/fixtures/test_gui_mock.py:79: Tests are temporarily disabled</skipped></testcase><testcase classname="tests_unified.fixtures.test_gui_mock.TestGUIFunctionality" name="test_device_management_interface" time="0.000"><skipped type="pytest.skip" message="Tests are temporarily disabled">/home/runner/work/bucika_gsr/bucika_gsr/tests_unified/fixtures/test_gui_mock.py:101: Tests are temporarily disabled</skipped></testcase><testcase classname="tests_unified.fixtures.test_gui_mock.TestGUIStructure" name="test_application_creation" time="0.000"><skipped type="pytest.skip" message="Tests are temporarily disabled">/home/runner/work/bucika_gsr/bucika_gsr/tests_unified/fixtures/test_gui_mock.py:40: Tests are temporarily disabled</skipped></testcase><testcase classname="tests_unified.fixtures.test_gui_mock.TestGUIStructure" name="test_main_window_structure" time="0.000"><skipped type="pytest.skip" message="Tests are temporarily disabled">/home/runner/work/bucika_gsr/bucika_gsr/tests_unified/fixtures/test_gui_mock.py:50: Tests are temporarily disabled</skipped></testcase><testcase classname="tests_unified.fixtures.test_gui_mock.TestGUIErrorHandling" name="test_window_close_handling" time="0.000"><skipped type="pytest.skip" message="Tests are temporarily disabled">/home/runner/work/bucika_gsr/bucika_gsr/tests_unified/fixtures/test_gui_mock.py:136: Tests are temporarily disabled</skipped></testcase><testcase classname="tests_unified.fixtures.test_gui_mock.TestGUIErrorHandling" name="test_gui_startup_error_handling" time="0.000"><skipped type="pytest.skip" message="Tests are temporarily disabled">/home/runner/work/bucika_gsr/bucika_gsr/tests_unified/fixtures/test_gui_mock.py:127: Tests are temporarily disabled</skipped></testcase><testcase classname="tests_unified.fixtures.test_gui_mock.TestGUIImports" name="test_main_window_import" time="0.000"><skipped type="pytest.skip" message="Tests are temporarily disabled">/home/runner/work/bucika_gsr/bucika_gsr/tests_unified/fixtures/test_gui_mock.py:18: Tests are temporarily disabled</skipped></testcase><testcase classname="tests_unified.fixtures.test_gui_mock.TestGUIImports" name="test_pyqt_components_available" time="0.000"><skipped type="pytest.skip" message="Tests are temporarily disabled">/home/runner/work/bucika_gsr/bucika_gsr/tests_unified/fixtures/test_gui_mock.py:26: Tests are temporarily disabled</skipped></testcase></testsuite></testsuites>