<?xml version="1.0" encoding="utf-8"?><testsuites name="pytest tests"><testsuite name="pytest" errors="0" failures="0" skipped="0" tests="5" time="0.496" timestamp="2025-08-12T07:23:38.060184+00:00" hostname="pkrvmsl9tci6h6u"><testcase classname="tests.integration.test_session_orchestration.TestSessionOrchestration" name="test_session_lifecycle_via_web_api" time="0.158" /><testcase classname="tests.integration.test_session_orchestration.TestSessionOrchestration" name="test_multi_device_coordination" time="0.001" /><testcase classname="tests.integration.test_session_orchestration.TestSessionOrchestration" name="test_device_status_synchronization" time="0.001" /><testcase classname="tests.integration.test_session_orchestration.TestFaultTolerance" name="test_graceful_degradation_no_devices" time="0.001" /><testcase classname="tests.integration.test_session_orchestration" name="test_end_to_end_workflow" time="0.014" /></testsuite></testsuites>