<?xml version="1.0" encoding="utf-8"?><testsuites name="pytest tests"><testsuite name="pytest" errors="0" failures="0" skipped="0" tests="4" time="0.034" timestamp="2025-08-12T10:45:44.423549+00:00" hostname="pkrvmsl9tci6h6u"><testcase classname="tests_unified.unit.android.test_android_basic.TestAndroidComponentsBasic" name="test_mock_android_device_basic" time="0.001" /><testcase classname="tests_unified.unit.android.test_android_basic.TestAndroidComponentsBasic" name="test_gsr_data_simulation" time="0.000" /><testcase classname="tests_unified.unit.android.test_android_basic.TestAndroidComponentsBasic" name="test_thermal_data_simulation" time="0.000" /><testcase classname="tests_unified.unit.android.test_android_basic.TestAndroidComponentsBasic" name="test_android_device_endurance_simulation" time="0.000" /></testsuite></testsuites>