<?xml version="1.0" encoding="utf-8"?><testsuites name="pytest tests"><testsuite name="pytest" errors="0" failures="0" skipped="0" tests="23" time="0.468" timestamp="2025-08-12T14:22:13.898136+00:00" hostname="pkrvmsl9tci6h6u"><testcase classname="tests_unified.integration.test_native_backend_integration.TestNativeShimmerIntegration" name="test_native_fallback_mechanism" time="0.001" /><testcase classname="tests_unified.integration.test_native_backend_integration.TestNativeShimmerIntegration" name="test_configuration_compatibility" time="0.000" /><testcase classname="tests_unified.integration.test_native_backend_integration.TestNativeShimmerIntegration" name="test_single_packet_processing_compatibility" time="0.000" /><testcase classname="tests_unified.integration.test_native_backend_integration.TestNativeShimmerIntegration" name="test_batch_processing_compatibility" time="0.000" /><testcase classname="tests_unified.integration.test_native_backend_integration.TestNativeShimmerIntegration" name="test_signal_processing_compatibility" time="0.000" /><testcase classname="tests_unified.integration.test_native_backend_integration.TestNativeShimmerIntegration" name="test_performance_metrics_compatibility" time="0.000" /><testcase classname="tests_unified.integration.test_native_backend_integration.TestNativeShimmerIntegration" name="test_data_serialization" time="0.000" /><testcase classname="tests_unified.integration.test_native_backend_integration.TestNativeWebcamIntegration" name="test_native_fallback_mechanism" time="0.000" /><testcase classname="tests_unified.integration.test_native_backend_integration.TestNativeWebcamIntegration" name="test_configuration_compatibility" time="0.000" /><testcase classname="tests_unified.integration.test_native_backend_integration.TestNativeWebcamIntegration" name="test_frame_processing_compatibility" time="0.114" /><testcase classname="tests_unified.integration.test_native_backend_integration.TestNativeWebcamIntegration" name="test_motion_detection_compatibility" time="0.003" /><testcase classname="tests_unified.integration.test_native_backend_integration.TestNativeWebcamIntegration" name="test_timestamp_overlay_compatibility" time="0.002" /><testcase classname="tests_unified.integration.test_native_backend_integration.TestNativeWebcamIntegration" name="test_synchronization_compatibility" time="0.000" /><testcase classname="tests_unified.integration.test_native_backend_integration.TestNativeWebcamIntegration" name="test_performance_metrics_compatibility" time="0.000" /><testcase classname="tests_unified.integration.test_native_backend_integration.TestNativeWebcamIntegration" name="test_frame_data_serialization" time="0.001" /><testcase classname="tests_unified.integration.test_native_backend_integration.TestNativeBackendCompatibility" name="test_import_availability" time="0.001" /><testcase classname="tests_unified.integration.test_native_backend_integration.TestNativeBackendCompatibility" name="test_graceful_degradation" time="0.000" /><testcase classname="tests_unified.integration.test_native_backend_integration.TestNativeBackendCompatibility" name="test_error_handling" time="0.000" /><testcase classname="tests_unified.integration.test_native_backend_integration.TestEndToEndIntegration" name="test_shimmer_webcam_combined_processing" time="0.013" /><testcase classname="tests_unified.integration.test_native_backend_integration.TestEndToEndIntegration" name="test_performance_under_load" time="0.045" /><testcase classname="tests_unified.integration.test_virtual_environment_integration.TestVirtualEnvironmentSimple" name="test_synthetic_data_generation" time="0.001" /><testcase classname="tests_unified.integration.test_virtual_environment_integration.TestVirtualEnvironmentSimple" name="test_configuration_validation" time="0.000" /><testcase classname="tests_unified.integration.test_virtual_environment_integration.TestVirtualEnvironmentSimple" name="test_virtual_runner_integration" time="0.102" /></testsuite></testsuites>