<?xml version="1.0" encoding="utf-8"?><testsuites name="pytest tests"><testsuite name="pytest" errors="0" failures="0" skipped="0" tests="0" time="0.040" timestamp="2025-08-12T08:26:28.197435+00:00" hostname="pkrvmsl9tci6h6u" /></testsuites>