<?xml version="1.0" encoding="utf-8"?><testsuites name="pytest tests"><testsuite name="pytest" errors="0" failures="0" skipped="1" tests="1" time="0.168" timestamp="2025-08-18T20:57:21.910919+00:00" hostname="pkrvmubgrv54qmi"><testcase classname="tests_unified.visual.test_visual_regression" name="test_visual_framework_functionality" time="0.000"><skipped type="pytest.skip" message="Tests are temporarily disabled">/home/runner/work/bucika_gsr/bucika_gsr/tests_unified/visual/test_visual_regression.py:612: Tests are temporarily disabled</skipped></testcase></testsuite></testsuites>