<?xml version="1.0" encoding="utf-8"?><testsuites name="pytest tests"><testsuite name="pytest" errors="0" failures="2" skipped="0" tests="8" time="0.805" timestamp="2025-08-12T07:38:04.591268+00:00" hostname="pkrvmsl9tci6h6u"><testcase classname="PythonApp.test_architecture_enforcement.PythonArchitectureTest" name="test_dependency_injection_patterns" time="0.002" /><testcase classname="PythonApp.test_architecture_enforcement.PythonArchitectureTest" name="test_error_handling_consistency" time="0.175"><failure message="AssertionError: File /home/runner/work/bucika_gsr/bucika_gsr/PythonApp/web_ui/web_controller.py has excessive bare except clauses (6). Consider specific exception handling.">PythonApp/test_architecture_enforcement.py:97: in test_error_handling_consistency
    self.fail(f"File {file_path} has excessive bare except clauses ({bare_except_count}). Consider specific exception handling.")
E   AssertionError: File /home/runner/work/bucika_gsr/bucika_gsr/PythonApp/web_ui/web_controller.py has excessive bare except clauses (6). Consider specific exception handling.</failure></testcase><testcase classname="PythonApp.test_architecture_enforcement.PythonArchitectureTest" name="test_network_layer_independence" time="0.034" /><testcase classname="PythonApp.test_architecture_enforcement.PythonArchitectureTest" name="test_session_management_layer_separation" time="0.017" /><testcase classname="PythonApp.test_architecture_enforcement.PythonArchitectureTest" name="test_infrastructure_utilities_usage" time="0.002"><failure message="AssertionError: File /home/runner/work/bucika_gsr/bucika_gsr/PythonApp/ntp_time_server.py has excessive print() usage (6 lines). Consider using logging.">PythonApp/test_architecture_enforcement.py:73: in test_infrastructure_utilities_usage
    self.fail(f"File {file_path} has excessive print() usage ({len(print_lines)} lines). Consider using logging.")
E   AssertionError: File /home/runner/work/bucika_gsr/bucika_gsr/PythonApp/ntp_time_server.py has excessive print() usage (6 lines). Consider using logging.</failure></testcase><testcase classname="PythonApp.test_architecture_enforcement.PythonArchitectureTest" name="test_gui_layer_should_not_import_low_level_services" time="0.050" /><testcase classname="PythonApp.test_architecture_enforcement.PythonArchitectureTest" name="test_managers_should_not_import_gui_components" time="0.041" /><testcase classname="PythonApp.test_architecture_enforcement.PythonArchitectureTest" name="test_cross_cutting_concerns_centralization" time="0.387" /></testsuite></testsuites>