<?xml version="1.0" encoding="utf-8"?><testsuites name="pytest tests"><testsuite name="pytest" errors="0" failures="0" skipped="24" tests="24" time="0.123" timestamp="2025-08-14T20:39:23.798189+00:00" hostname="pkrvmsl9tci6h6u"><testcase classname="tests_unified.system.python_system_test" name="test_python_environment" time="0.000"><skipped type="pytest.skip" message="Tests are temporarily disabled">/home/runner/work/bucika_gsr/bucika_gsr/tests_unified/system/python_system_test.py:13: Tests are temporarily disabled</skipped></testcase><testcase classname="tests_unified.system.python_system_test" name="test_gui_components" time="0.000"><skipped type="pytest.skip" message="Tests are temporarily disabled">/home/runner/work/bucika_gsr/bucika_gsr/tests_unified/system/python_system_test.py:46: Tests are temporarily disabled</skipped></testcase><testcase classname="tests_unified.system.python_system_test" name="test_opencv_functionality" time="0.000"><skipped type="pytest.skip" message="Tests are temporarily disabled">/home/runner/work/bucika_gsr/bucika_gsr/tests_unified/system/python_system_test.py:79: Tests are temporarily disabled</skipped></testcase><testcase classname="tests_unified.system.python_system_test" name="test_network_capabilities" time="0.000"><skipped type="pytest.skip" message="Tests are temporarily disabled">/home/runner/work/bucika_gsr/bucika_gsr/tests_unified/system/python_system_test.py:109: Tests are temporarily disabled</skipped></testcase><testcase classname="tests_unified.system.python_system_test" name="test_data_processing" time="0.000"><skipped type="pytest.skip" message="Tests are temporarily disabled">/home/runner/work/bucika_gsr/bucika_gsr/tests_unified/system/python_system_test.py:168: Tests are temporarily disabled</skipped></testcase><testcase classname="tests_unified.system.python_system_test" name="test_file_operations" time="0.000"><skipped type="pytest.skip" message="Tests are temporarily disabled">/home/runner/work/bucika_gsr/bucika_gsr/tests_unified/system/python_system_test.py:264: Tests are temporarily disabled</skipped></testcase><testcase classname="tests_unified.system.python_system_test" name="test_system_integration" time="0.000"><skipped type="pytest.skip" message="Tests are temporarily disabled">/home/runner/work/bucika_gsr/bucika_gsr/tests_unified/system/python_system_test.py:276: Tests are temporarily disabled</skipped></testcase><testcase classname="tests_unified.system.test_documentation_device_references.TestDocumentationDeviceReferences" name="test_architecture_md_device_reference" time="0.000"><skipped type="pytest.skip" message="Tests are temporarily disabled">/home/runner/work/bucika_gsr/bucika_gsr/tests_unified/system/test_documentation_device_references.py:21: Tests are temporarily disabled</skipped></testcase><testcase classname="tests_unified.system.test_documentation_device_references.TestDocumentationDeviceReferences" name="test_chapter3_diagrams_device_specs" time="0.000"><skipped type="pytest.skip" message="Tests are temporarily disabled">/home/runner/work/bucika_gsr/bucika_gsr/tests_unified/system/test_documentation_device_references.py:39: Tests are temporarily disabled</skipped></testcase><testcase classname="tests_unified.system.test_documentation_device_references.TestDocumentationDeviceReferences" name="test_mermaid_appendices_device_specs" time="0.000"><skipped type="pytest.skip" message="Tests are temporarily disabled">/home/runner/work/bucika_gsr/bucika_gsr/tests_unified/system/test_documentation_device_references.py:57: Tests are temporarily disabled</skipped></testcase><testcase classname="tests_unified.system.test_documentation_device_references.TestDocumentationDeviceReferences" name="test_no_remaining_flir_references_in_thermal_context" time="0.000"><skipped type="pytest.skip" message="Tests are temporarily disabled">/home/runner/work/bucika_gsr/bucika_gsr/tests_unified/system/test_documentation_device_references.py:75: Tests are temporarily disabled</skipped></testcase><testcase classname="tests_unified.system.test_new_features" name="test_lsl_integration" time="0.000"><skipped type="pytest.skip" message="Tests are temporarily disabled">/home/runner/work/bucika_gsr/bucika_gsr/tests_unified/system/test_new_features.py:14: Tests are temporarily disabled</skipped></testcase><testcase classname="tests_unified.system.test_new_features" name="test_zeroconf_discovery" time="0.000"><skipped type="pytest.skip" message="Tests are temporarily disabled">/home/runner/work/bucika_gsr/bucika_gsr/tests_unified/system/test_new_features.py:41: Tests are temporarily disabled</skipped></testcase><testcase classname="tests_unified.system.test_new_features" name="test_enhanced_security" time="0.000"><skipped type="pytest.skip" message="Tests are temporarily disabled">/home/runner/work/bucika_gsr/bucika_gsr/tests_unified/system/test_new_features.py:67: Tests are temporarily disabled</skipped></testcase><testcase classname="tests_unified.system.test_new_features" name="test_file_integrity" time="0.000"><skipped type="pytest.skip" message="Tests are temporarily disabled">/home/runner/work/bucika_gsr/bucika_gsr/tests_unified/system/test_new_features.py:121: Tests are temporarily disabled</skipped></testcase><testcase classname="tests_unified.system.test_new_features" name="test_enhanced_pc_server" time="0.000"><skipped type="pytest.skip" message="Tests are temporarily disabled">/home/runner/work/bucika_gsr/bucika_gsr/tests_unified/system/test_new_features.py:184: Tests are temporarily disabled</skipped></testcase><testcase classname="tests_unified.system.test_new_features" name="test_integration_with_existing_system" time="0.000"><skipped type="pytest.skip" message="Tests are temporarily disabled">/home/runner/work/bucika_gsr/bucika_gsr/tests_unified/system/test_new_features.py:228: Tests are temporarily disabled</skipped></testcase><testcase classname="tests_unified.system.workflows.system_test" name="test_python_environment" time="0.000"><skipped type="pytest.skip" message="Tests are temporarily disabled">/home/runner/work/bucika_gsr/bucika_gsr/tests_unified/system/workflows/system_test.py:13: Tests are temporarily disabled</skipped></testcase><testcase classname="tests_unified.system.workflows.system_test" name="test_gui_components" time="0.000"><skipped type="pytest.skip" message="Tests are temporarily disabled">/home/runner/work/bucika_gsr/bucika_gsr/tests_unified/system/workflows/system_test.py:47: Tests are temporarily disabled</skipped></testcase><testcase classname="tests_unified.system.workflows.system_test" name="test_opencv_functionality" time="0.000"><skipped type="pytest.skip" message="Tests are temporarily disabled">/home/runner/work/bucika_gsr/bucika_gsr/tests_unified/system/workflows/system_test.py:82: Tests are temporarily disabled</skipped></testcase><testcase classname="tests_unified.system.workflows.system_test" name="test_network_capabilities" time="0.000"><skipped type="pytest.skip" message="Tests are temporarily disabled">/home/runner/work/bucika_gsr/bucika_gsr/tests_unified/system/workflows/system_test.py:114: Tests are temporarily disabled</skipped></testcase><testcase classname="tests_unified.system.workflows.system_test" name="test_data_processing" time="0.000"><skipped type="pytest.skip" message="Tests are temporarily disabled">/home/runner/work/bucika_gsr/bucika_gsr/tests_unified/system/workflows/system_test.py:174: Tests are temporarily disabled</skipped></testcase><testcase classname="tests_unified.system.workflows.system_test" name="test_file_operations" time="0.000"><skipped type="pytest.skip" message="Tests are temporarily disabled">/home/runner/work/bucika_gsr/bucika_gsr/tests_unified/system/workflows/system_test.py:272: Tests are temporarily disabled</skipped></testcase><testcase classname="tests_unified.system.workflows.system_test" name="test_system_integration" time="0.000"><skipped type="pytest.skip" message="Tests are temporarily disabled">/home/runner/work/bucika_gsr/bucika_gsr/tests_unified/system/workflows/system_test.py:285: Tests are temporarily disabled</skipped></testcase></testsuite></testsuites>