<?xml version="1.0" encoding="utf-8"?><testsuites name="pytest tests"><testsuite name="pytest" errors="0" failures="0" skipped="22" tests="22" time="0.129" timestamp="2025-08-13T17:04:09.663479+00:00" hostname="pkrvmsl9tci6h6u"><testcase classname="tests_unified.unit.sensors.test_shimmer_implementation" name="test_multi_library_compatibility" time="0.000"><skipped type="pytest.skip" message="Tests are temporarily disabled">/home/runner/work/bucika_gsr/bucika_gsr/tests_unified/unit/sensors/test_shimmer_implementation.py:381: Tests are temporarily disabled</skipped></testcase><testcase classname="tests_unified.unit.sensors.test_shimmer_implementation" name="test_error_handling" time="0.000"><skipped type="pytest.skip" message="Tests are temporarily disabled">/home/runner/work/bucika_gsr/bucika_gsr/tests_unified/unit/sensors/test_shimmer_implementation.py:303: Tests are temporarily disabled</skipped></testcase><testcase classname="tests_unified.unit.sensors.test_shimmer_implementation" name="test_data_streaming_simulation" time="0.000"><skipped type="pytest.skip" message="Tests are temporarily disabled">/home/runner/work/bucika_gsr/bucika_gsr/tests_unified/unit/sensors/test_shimmer_implementation.py:96: Tests are temporarily disabled</skipped></testcase><testcase classname="tests_unified.unit.sensors.test_shimmer_implementation" name="test_session_management" time="0.000"><skipped type="pytest.skip" message="Tests are temporarily disabled">/home/runner/work/bucika_gsr/bucika_gsr/tests_unified/unit/sensors/test_shimmer_implementation.py:198: Tests are temporarily disabled</skipped></testcase><testcase classname="tests_unified.unit.sensors.test_shimmer_implementation" name="test_shimmer_libraries_availability" time="0.000"><skipped type="pytest.skip" message="Tests are temporarily disabled">/home/runner/work/bucika_gsr/bucika_gsr/tests_unified/unit/sensors/test_shimmer_implementation.py:13: Tests are temporarily disabled</skipped></testcase><testcase classname="tests_unified.unit.sensors.test_shimmer_implementation" name="test_device_discovery_simulation" time="0.000"><skipped type="pytest.skip" message="Tests are temporarily disabled">/home/runner/work/bucika_gsr/bucika_gsr/tests_unified/unit/sensors/test_shimmer_implementation.py:49: Tests are temporarily disabled</skipped></testcase><testcase classname="tests_unified.unit.calibration.test_calibration_implementation" name="test_stereo_calibration" time="0.000"><skipped type="pytest.skip" message="Tests are temporarily disabled">/home/runner/work/bucika_gsr/bucika_gsr/tests_unified/unit/calibration/test_calibration_implementation.py:196: Tests are temporarily disabled</skipped></testcase><testcase classname="tests_unified.unit.calibration.test_calibration_implementation" name="test_data_persistence" time="0.000"><skipped type="pytest.skip" message="Tests are temporarily disabled">/home/runner/work/bucika_gsr/bucika_gsr/tests_unified/unit/calibration/test_calibration_implementation.py:266: Tests are temporarily disabled</skipped></testcase><testcase classname="tests_unified.unit.calibration.test_calibration_implementation" name="test_calibration_quality_assessment" time="0.000"><skipped type="pytest.skip" message="Tests are temporarily disabled">/home/runner/work/bucika_gsr/bucika_gsr/tests_unified/unit/calibration/test_calibration_implementation.py:209: Tests are temporarily disabled</skipped></testcase><testcase classname="tests_unified.unit.calibration.test_calibration_implementation" name="test_single_camera_calibration" time="0.000"><skipped type="pytest.skip" message="Tests are temporarily disabled">/home/runner/work/bucika_gsr/bucika_gsr/tests_unified/unit/calibration/test_calibration_implementation.py:102: Tests are temporarily disabled</skipped></testcase><testcase classname="tests_unified.unit.calibration.test_calibration_implementation" name="test_pattern_detection" time="0.000"><skipped type="pytest.skip" message="Tests are temporarily disabled">/home/runner/work/bucika_gsr/bucika_gsr/tests_unified/unit/calibration/test_calibration_implementation.py:12: Tests are temporarily disabled</skipped></testcase><testcase classname="tests_unified.unit.android.test_android_basic.TestAndroidComponentsBasic" name="test_mock_android_device_basic" time="0.000"><skipped type="pytest.skip" message="Tests are temporarily disabled">/home/runner/work/bucika_gsr/bucika_gsr/tests_unified/unit/android/test_android_basic.py:20: Tests are temporarily disabled</skipped></testcase><testcase classname="tests_unified.unit.android.test_android_basic.TestAndroidComponentsBasic" name="test_gsr_data_structure_validation" time="0.000"><skipped type="pytest.skip" message="Tests are temporarily disabled">/home/runner/work/bucika_gsr/bucika_gsr/tests_unified/unit/android/test_android_basic.py:47: Tests are temporarily disabled</skipped></testcase><testcase classname="tests_unified.unit.android.test_android_basic.TestAndroidComponentsBasic" name="test_android_device_endurance_simulation" time="0.000"><skipped type="pytest.skip" message="Tests are temporarily disabled">/home/runner/work/bucika_gsr/bucika_gsr/tests_unified/unit/android/test_android_basic.py:70: Tests are temporarily disabled</skipped></testcase><testcase classname="tests_unified.unit.android.test_android_basic.TestAndroidComponentsBasic" name="test_thermal_data_structure_validation" time="0.000"><skipped type="pytest.skip" message="Tests are temporarily disabled">/home/runner/work/bucika_gsr/bucika_gsr/tests_unified/unit/android/test_android_basic.py:58: Tests are temporarily disabled</skipped></testcase><testcase classname="tests_unified.unit.test_framework_validation.TestUnifiedFramework" name="test_mock_device_functionality" time="0.000"><skipped type="pytest.skip" message="Tests are temporarily disabled">/home/runner/work/bucika_gsr/bucika_gsr/tests_unified/unit/test_framework_validation.py:75: Tests are temporarily disabled</skipped></testcase><testcase classname="tests_unified.unit.test_framework_validation.TestUnifiedFramework" name="test_assertion_utilities" time="0.000"><skipped type="pytest.skip" message="Tests are temporarily disabled">/home/runner/work/bucika_gsr/bucika_gsr/tests_unified/unit/test_framework_validation.py:94: Tests are temporarily disabled</skipped></testcase><testcase classname="tests_unified.unit.test_framework_validation.TestUnifiedFramework" name="test_test_utilities_work" time="0.000"><skipped type="pytest.skip" message="Tests are temporarily disabled">/home/runner/work/bucika_gsr/bucika_gsr/tests_unified/unit/test_framework_validation.py:57: Tests are temporarily disabled</skipped></testcase><testcase classname="tests_unified.unit.test_framework_validation.TestUnifiedFramework" name="test_configuration_files_exist" time="0.000"><skipped type="pytest.skip" message="Tests are temporarily disabled">/home/runner/work/bucika_gsr/bucika_gsr/tests_unified/unit/test_framework_validation.py:45: Tests are temporarily disabled</skipped></testcase><testcase classname="tests_unified.unit.test_framework_validation.TestUnifiedFramework" name="test_data_structure_validation" time="0.000"><skipped type="pytest.skip" message="Tests are temporarily disabled">/home/runner/work/bucika_gsr/bucika_gsr/tests_unified/unit/test_framework_validation.py:104: Tests are temporarily disabled</skipped></testcase><testcase classname="tests_unified.unit.test_framework_validation.TestUnifiedFramework" name="test_framework_structure_exists" time="0.000"><skipped type="pytest.skip" message="Tests are temporarily disabled">/home/runner/work/bucika_gsr/bucika_gsr/tests_unified/unit/test_framework_validation.py:27: Tests are temporarily disabled</skipped></testcase><testcase classname="tests_unified.unit.test_framework_validation.TestUnifiedFramework" name="test_pytest_markers_defined" time="0.000"><skipped type="pytest.skip" message="Tests are temporarily disabled">/home/runner/work/bucika_gsr/bucika_gsr/tests_unified/unit/test_framework_validation.py:155: Tests are temporarily disabled</skipped></testcase></testsuite></testsuites>