<?xml version="1.0" encoding="utf-8"?><testsuites name="pytest tests"><testsuite name="pytest" errors="0" failures="0" skipped="0" tests="13" time="2.182" timestamp="2025-08-12T13:11:51.865591+00:00" hostname="pkrvmsl9tci6h6u"><testcase classname="tests_unified.system.test_new_features" name="test_integration_with_existing_system" time="0.168" /><testcase classname="tests_unified.system.test_new_features" name="test_zeroconf_discovery" time="0.001" /><testcase classname="tests_unified.system.test_new_features" name="test_lsl_integration" time="0.001" /><testcase classname="tests_unified.system.test_new_features" name="test_enhanced_security" time="0.001" /><testcase classname="tests_unified.system.test_new_features" name="test_file_integrity" time="0.002" /><testcase classname="tests_unified.system.test_new_features" name="test_enhanced_pc_server" time="0.001" /><testcase classname="tests_unified.system.workflows.system_test" name="test_data_processing" time="1.832" /><testcase classname="tests_unified.system.workflows.system_test" name="test_network_capabilities" time="0.001" /><testcase classname="tests_unified.system.workflows.system_test" name="test_gui_components" time="0.049" /><testcase classname="tests_unified.system.workflows.system_test" name="test_opencv_functionality" time="0.026" /><testcase classname="tests_unified.system.workflows.system_test" name="test_file_operations" time="0.002" /><testcase classname="tests_unified.system.workflows.system_test" name="test_system_integration" time="0.001" /><testcase classname="tests_unified.system.workflows.system_test" name="test_python_environment" time="0.004" /></testsuite></testsuites>