<?xml version="1.0" encoding="utf-8"?><testsuites name="pytest tests"><testsuite name="pytest" errors="0" failures="0" skipped="0" tests="4" time="0.053" timestamp="2025-08-12T15:38:38.589008+00:00" hostname="pkrvmsl9tci6h6u"><testcase classname="tests_unified.system.test_documentation_device_references.TestDocumentationDeviceReferences" name="test_chapter3_diagrams_device_specs" time="0.001" /><testcase classname="tests_unified.system.test_documentation_device_references.TestDocumentationDeviceReferences" name="test_mermaid_appendices_device_specs" time="0.001" /><testcase classname="tests_unified.system.test_documentation_device_references.TestDocumentationDeviceReferences" name="test_no_remaining_flir_references_in_thermal_context" time="0.001" /><testcase classname="tests_unified.system.test_documentation_device_references.TestDocumentationDeviceReferences" name="test_architecture_md_device_reference" time="0.001" /></testsuite></testsuites>